[01-Jul-2019 14:04:39 UTC] PHP Warning:  require(/Applications/MAMP/htdocs/codehacking/bootstrap/../vendor/autoload.php): failed to open stream: No such file or directory in /Applications/MAMP/htdocs/codehacking/bootstrap/autoload.php on line 17
[01-Jul-2019 14:04:39 UTC] PHP Fatal error:  require(): Failed opening required '/Applications/MAMP/htdocs/codehacking/bootstrap/../vendor/autoload.php' (include_path='.:/Applications/MAMP/bin/php/php7.3.1/lib/php') in /Applications/MAMP/htdocs/codehacking/bootstrap/autoload.php on line 17
[01-Jul-2019 14:04:46 UTC] PHP Warning:  require(/Applications/MAMP/htdocs/codehacking/bootstrap/../vendor/autoload.php): failed to open stream: No such file or directory in /Applications/MAMP/htdocs/codehacking/bootstrap/autoload.php on line 17
[01-Jul-2019 14:04:46 UTC] PHP Fatal error:  require(): Failed opening required '/Applications/MAMP/htdocs/codehacking/bootstrap/../vendor/autoload.php' (include_path='.:/Applications/MAMP/bin/php/php7.3.1/lib/php') in /Applications/MAMP/htdocs/codehacking/bootstrap/autoload.php on line 17
[01-Jul-2019 16:14:45 UTC] PHP Parse error:  syntax error, unexpected ']' in /Applications/MAMP/htdocs/codehacking/app/Http/Kernel.php on line 53
[01-Jul-2019 16:14:48 UTC] PHP Parse error:  syntax error, unexpected ']' in /Applications/MAMP/htdocs/codehacking/app/Http/Kernel.php on line 53
[01-Jul-2019 16:14:48 UTC] PHP Parse error:  syntax error, unexpected ']' in /Applications/MAMP/htdocs/codehacking/app/Http/Kernel.php on line 53
[01-Jul-2019 16:14:49 UTC] PHP Parse error:  syntax error, unexpected ']' in /Applications/MAMP/htdocs/codehacking/app/Http/Kernel.php on line 53
[01-Jul-2019 16:16:04 UTC] PHP Parse error:  syntax error, unexpected ']' in /Applications/MAMP/htdocs/codehacking/app/Http/Kernel.php on line 53
[01-Jul-2019 16:16:22 UTC] PHP Parse error:  syntax error, unexpected ']' in /Applications/MAMP/htdocs/codehacking/app/Http/Kernel.php on line 53
[01-Jul-2019 16:16:25 UTC] PHP Parse error:  syntax error, unexpected ']' in /Applications/MAMP/htdocs/codehacking/app/Http/Kernel.php on line 53
[01-Jul-2019 16:16:59 UTC] PHP Parse error:  syntax error, unexpected ']' in /Applications/MAMP/htdocs/codehacking/app/Http/Kernel.php on line 53
[01-Jul-2019 16:17:09 UTC] PHP Parse error:  syntax error, unexpected ']' in /Applications/MAMP/htdocs/codehacking/app/Http/Kernel.php on line 53
[01-Jul-2019 16:17:21 UTC] PHP Parse error:  syntax error, unexpected ']' in /Applications/MAMP/htdocs/codehacking/app/Http/Kernel.php on line 53
[01-Jul-2019 16:17:26 UTC] PHP Parse error:  syntax error, unexpected ']' in /Applications/MAMP/htdocs/codehacking/app/Http/Kernel.php on line 53
[01-Jul-2019 16:18:36 UTC] PHP Parse error:  syntax error, unexpected ']' in /Applications/MAMP/htdocs/codehacking/app/Http/Kernel.php on line 53
[01-Jul-2019 16:18:41 UTC] PHP Parse error:  syntax error, unexpected ']' in /Applications/MAMP/htdocs/codehacking/app/Http/Kernel.php on line 53
[02-Jul-2019 10:49:18 UTC] PHP Fatal error:  Uncaught Error: Call to undefined function env() in /Applications/MAMP/htdocs/meetup/config/app.php:16
Stack trace:
#0 {main}
  thrown in /Applications/MAMP/htdocs/meetup/config/app.php on line 16
[02-Jul-2019 10:49:22 UTC] PHP Fatal error:  Uncaught Error: Call to undefined function env() in /Applications/MAMP/htdocs/meetup/config/database.php:18
Stack trace:
#0 {main}
  thrown in /Applications/MAMP/htdocs/meetup/config/database.php on line 18
[02-Jul-2019 10:49:27 UTC] PHP Fatal error:  Uncaught Error: Call to undefined function resource_path() in /Applications/MAMP/htdocs/meetup/config/view.php:17
Stack trace:
#0 {main}
  thrown in /Applications/MAMP/htdocs/meetup/config/view.php on line 17
[05-Jul-2019 07:46:11 UTC] PHP Fatal error:  Method Illuminate\View\View::__toString() must not throw an exception, caught ErrorException: Undefined variable: event_details (View: /Applications/MAMP/htdocs/meetup/resources/views/join/join_event.blade.php) in /Applications/MAMP/htdocs/meetup/app/Http/Controllers/HomeController.php on line 0
[05-Jul-2019 07:47:22 UTC] PHP Fatal error:  Method Illuminate\View\View::__toString() must not throw an exception, caught ErrorException: Undefined variable: event_details (View: /Applications/MAMP/htdocs/meetup/resources/views/join/join_event.blade.php) in /Applications/MAMP/htdocs/meetup/app/Http/Controllers/HomeController.php on line 0
[05-Jul-2019 07:48:04 UTC] PHP Fatal error:  Method Illuminate\View\View::__toString() must not throw an exception, caught ErrorException: Undefined variable: event_details (View: /Applications/MAMP/htdocs/meetup/resources/views/join/join_event.blade.php) in /Applications/MAMP/htdocs/meetup/app/Http/Controllers/HomeController.php on line 0
[05-Jul-2019 08:17:35 UTC] PHP Fatal error:  Method Illuminate\View\View::__toString() must not throw an exception, caught ErrorException: Undefined offset: 0 (View: /Applications/MAMP/htdocs/meetup/resources/views/join/join_event.blade.php) in /Applications/MAMP/htdocs/meetup/app/Http/Controllers/HomeController.php on line 0
[05-Jul-2019 08:18:05 UTC] PHP Fatal error:  Method Illuminate\View\View::__toString() must not throw an exception, caught ErrorException: Undefined offset: 0 (View: /Applications/MAMP/htdocs/meetup/resources/views/join/join_event.blade.php) in /Applications/MAMP/htdocs/meetup/app/Http/Controllers/HomeController.php on line 0
[05-Jul-2019 08:26:07 UTC] PHP Fatal error:  Method Illuminate\View\View::__toString() must not throw an exception, caught ErrorException: Undefined offset: 0 (View: /Applications/MAMP/htdocs/meetup/resources/views/join/join_event_public.blade.php) in /Applications/MAMP/htdocs/meetup/app/Http/Controllers/HomeController.php on line 0
[05-Jul-2019 08:28:07 UTC] PHP Fatal error:  Method Illuminate\View\View::__toString() must not throw an exception, caught ErrorException: Cannot use object of type stdClass as array (View: /Applications/MAMP/htdocs/meetup/resources/views/join/join_event_public.blade.php) in /Applications/MAMP/htdocs/meetup/app/Http/Controllers/HomeController.php on line 0
[05-Jul-2019 08:29:25 UTC] PHP Fatal error:  Method Illuminate\View\View::__toString() must not throw an exception, caught ErrorException: Cannot use object of type stdClass as array (View: /Applications/MAMP/htdocs/meetup/resources/views/join/join_event_public.blade.php) in /Applications/MAMP/htdocs/meetup/app/Http/Controllers/HomeController.php on line 0
[05-Jul-2019 08:32:42 UTC] PHP Fatal error:  Method Illuminate\View\View::__toString() must not throw an exception, caught ErrorException: Cannot use object of type stdClass as array (View: /Applications/MAMP/htdocs/meetup/resources/views/join/join_event_public.blade.php) in /Applications/MAMP/htdocs/meetup/app/Http/Controllers/HomeController.php on line 0
[05-Jul-2019 08:32:49 UTC] PHP Fatal error:  Method Illuminate\View\View::__toString() must not throw an exception, caught ErrorException: Cannot use object of type stdClass as array (View: /Applications/MAMP/htdocs/meetup/resources/views/join/join_event_public.blade.php) in /Applications/MAMP/htdocs/meetup/app/Http/Controllers/HomeController.php on line 0
[05-Jul-2019 08:33:50 UTC] PHP Fatal error:  Method Illuminate\View\View::__toString() must not throw an exception, caught ErrorException: syntax error, unexpected '->' (T_OBJECT_OPERATOR), expecting ']' (View: /Applications/MAMP/htdocs/meetup/resources/views/join/join_event_public.blade.php) in /Applications/MAMP/htdocs/meetup/app/Http/Controllers/HomeController.php on line 0
[05-Jul-2019 08:40:16 UTC] PHP Fatal error:  Method Illuminate\View\View::__toString() must not throw an exception, caught ErrorException: Undefined offset: 0 (View: /Applications/MAMP/htdocs/meetup/resources/views/join/join_event_public.blade.php) in /Applications/MAMP/htdocs/meetup/app/Http/Controllers/HomeController.php on line 0
[05-Jul-2019 08:40:53 UTC] PHP Fatal error:  Method Illuminate\View\View::__toString() must not throw an exception, caught ErrorException: Undefined offset: 0 (View: /Applications/MAMP/htdocs/meetup/resources/views/join/join_event_public.blade.php) in /Applications/MAMP/htdocs/meetup/app/Http/Controllers/HomeController.php on line 0
[05-Jul-2019 08:41:02 UTC] PHP Fatal error:  Method Illuminate\View\View::__toString() must not throw an exception, caught ErrorException: Undefined offset: 0 (View: /Applications/MAMP/htdocs/meetup/resources/views/join/join_event_public.blade.php) in /Applications/MAMP/htdocs/meetup/app/Http/Controllers/HomeController.php on line 0
